  sleepy_discord.vcxproj -> C:\Users\devin\Documents\~!all my projects\c++ bot\sleepy-discord\Release\sleepy_discord.lib

Résumé de performance des projets :
     1676 ms  C:\Users\devin\Documents\~!all my projects\c++ bot\sleepy-discord\sleepy_discord\sleepy_discord.vcxproj   1 appels
               1676 ms  Build                                      1 appels

Résumé de performance cible :
        0 ms  AfterClCompile                             1 appels
        0 ms  _BuildCompileAction                        1 appels
        0 ms  AfterBuildCompileEvent                     1 appels
        0 ms  _Lib                                       1 appels
        0 ms  AfterLib                                   1 appels
        0 ms  PreLinkEvent                               1 appels
        0 ms  DoLibOutputFilesMatch                      1 appels
        0 ms  MakeDirsForLib                             1 appels
        0 ms  ComputeCLGeneratedLibInputs                1 appels
        0 ms  ComputeRCGeneratedLibInputs                1 appels
        0 ms  ComputeRCOutputs                           1 appels
        0 ms  ComputeLibAdditionalOptions                1 appels
        0 ms  BeforeLib                                  1 appels
        0 ms  _ResourceCompile                           1 appels
        0 ms  AfterResourceCompile                       1 appels
        0 ms  MakeDirsForResourceCompile                 1 appels
        0 ms  BeforeResourceCompile                      1 appels
        0 ms  _ClCompile                                 1 appels
        0 ms  BuildCompile                               1 appels
        0 ms  BuildLinkTraverse                          1 appels
        0 ms  _ALink                                     1 appels
        0 ms  _Manifest                                  1 appels
        0 ms  AfterBuild                                 1 appels
        0 ms  BuildLink                                  1 appels
        0 ms  _BuildLinkAction                           1 appels
        0 ms  PostBuildEvent                             1 appels
        0 ms  PrepareForRun                              1 appels
        0 ms  _CheckForCompileOutputs                    1 appels
        0 ms  _CopySourceItemsToOutputDirectory          1 appels
        0 ms  _Deploy                                    1 appels
        0 ms  SelectClCompile                            1 appels
        0 ms  _Appverifier                               1 appels
        0 ms  _GenerateSatelliteAssemblyInputs           1 appels
        0 ms  _BscMake                                   1 appels
        0 ms  MakeDirsForBscMake                         1 appels
        0 ms  ComputeCLCompileGeneratedSbrFiles          1 appels
        0 ms  _XdcMake                                   1 appels
        0 ms  MakeDirsForXdcMake                         1 appels
        0 ms  ResolvedXDCMake                            1 appels
        0 ms  RegisterOutput                             1 appels
        0 ms  CreateSatelliteAssemblies                  1 appels
        0 ms  ComputeReferenceCLInput                    1 appels
        0 ms  Build                                      1 appels
        0 ms  ResolveReferences                          1 appels
        0 ms  AfterResolveReferences                     1 appels
        0 ms  BeforeClCompile                            1 appels
        0 ms  GetResolvedWinMD                           1 appels
        0 ms  BuildGenerateSourcesTraverse               1 appels
        0 ms  BeforeBuildGenerateSources                 1 appels
        0 ms  PreBuildEvent                              1 appels
        0 ms  _SelectedFiles                             1 appels
        0 ms  SelectCustomBuild                          1 appels
        0 ms  ComputeCustomBuildOutput                   1 appels
        0 ms  GetFrameworkPaths                          1 appels
        0 ms  PrepareProjectReferences                   1 appels
        0 ms  ResolveSDKReferences                       1 appels
        0 ms  _Xsd                                       1 appels
        0 ms  CopyFileToFolders                          1 appels
        0 ms  ComputeMIDLGeneratedCompileInputs          1 appels
        0 ms  BuildCompileTraverse                       1 appels
        0 ms  _PrepareForReferenceResolution             1 appels
        0 ms  BeforeResolveReferences                    1 appels
        0 ms  BuildGenerateSources                       1 appels
        0 ms  MakeDirsForMidl                            1 appels
        0 ms  _SplitProjectReferencesByFileExistence     1 appels
        0 ms  AfterBuildGenerateSourcesEvent             1 appels
        0 ms  AfterBuildGenerateSources                  1 appels
        0 ms  _Midl                                      1 appels
        0 ms  AfterMidl                                  1 appels
        0 ms  _BuildGenerateSourcesAction                1 appels
        0 ms  ExpandSDKReferences                        1 appels
        0 ms  GetCopyToOutputDirectoryItems              1 appels
        0 ms  CopyFilesToOutputDirectory                 1 appels
        0 ms  ComputeLegacyManifestEmbedding             1 appels
        1 ms  ComputeCLOutputs                           1 appels
        1 ms  SetCABuildNativeEnvironmentVariables       1 appels
        1 ms  SetBuildDefaultEnvironmentVariables        1 appels
        1 ms  ComputeCLInputPDBName                      1 appels
        1 ms  FixupCLCompileOptions                      1 appels
        1 ms  ResolveAssemblyReferences                  1 appels
        1 ms  ComputeCLCompileGeneratedXDCFiles          1 appels
        1 ms  GetCopyToOutputDirectoryXamlAppDefs        1 appels
        1 ms  ComputeLibInputsFromProject                1 appels
        2 ms  MakeDirsForCl                              1 appels
        2 ms  _PrepareForBuild                           1 appels
        2 ms  FinalizeBuildStatus                        1 appels
        3 ms  _GetProjectReferenceTargetFrameworkProperties   1 appels
       10 ms  GetReferenceAssemblyPaths                  1 appels
       14 ms  AssignProjectConfiguration                 1 appels
       15 ms  AssignTargetPaths                          1 appels
       15 ms  _CheckWindowsSDKInstalled                  1 appels
       21 ms  SetTelemetryEnvironmentVariables           1 appels
       25 ms  WarnCompileDuplicatedFilename              1 appels
       29 ms  CustomBuild                                1 appels
       32 ms  ResolveProjectReferences                   1 appels
      110 ms  Lib                                        1 appels
      120 ms  InitializeBuildStatus                      1 appels
      153 ms  _HandlePackageFileConflicts                1 appels
      247 ms  PrepareForBuild                            1 appels
      251 ms  _CheckForInvalidConfigurationAndPlatform   1 appels
      583 ms  ClCompile                                  1 appels

Résumé de performance des tâches :
        0 ms  MakeDir                                    9 appels
        1 ms  MSBuild                                    1 appels
        1 ms  Delete                                     1 appels
        2 ms  ReadLinesFromFile                          1 appels
        2 ms  WriteLinesToFile                           1 appels
        2 ms  CheckVCToolsetVersion                      1 appels
        5 ms  Message                                    3 appels
       13 ms  SetEnv                                     8 appels
       13 ms  AssignProjectConfiguration                 1 appels
       15 ms  AssignTargetPath                           6 appels
       27 ms  GetOutOfDateItems                          3 appels
      110 ms  LIB                                        1 appels
      117 ms  Touch                                      2 appels
      131 ms  ResolvePackageFileConflicts                1 appels
      577 ms  CL                                         1 appels
